[0m14:20:45.180996 [debug] [MainThread]: Sending event: {'category': 'dbt', 'action': 'invocation', 'label': 'start', 'context': [<snowplow_tracker.self_describing_json.SelfDescribingJson object at 0x107076f30>, <snowplow_tracker.self_describing_json.SelfDescribingJson object at 0x108b53950>, <snowplow_tracker.self_describing_json.SelfDescribingJson object at 0x108b539e0>]}


============================== 14:20:45.185754 | 46042b28-a302-4e5f-bd95-722db1873ad0 ==============================
[0m14:20:45.185754 [info ] [MainThread]: Running with dbt=1.10.15
[0m14:20:45.186172 [debug] [MainThread]: running dbt with arguments {'use_colors': 'True', 'send_anonymous_usage_stats': 'True', 'fail_fast': 'False', 'profiles_dir': '/Users/sak2708/.dbt', 'version_check': 'True', 'log_path': 'logs', 'debug': 'False', 'target_path': 'None', 'log_format': 'default', 'invocation_command': 'dbt init --skip-profile-setup airbnb', 'no_print': 'None', 'empty': 'None', 'cache_selected_only': 'False', 'use_experimental_parser': 'False', 'warn_error': 'None', 'partial_parse': 'True', 'write_json': 'True', 'log_cache_events': 'False', 'static_parser': 'True', 'introspect': 'True', 'printer_width': '80', 'warn_error_options': 'WarnErrorOptionsV2(error=[], warn=[], silence=[])', 'indirect_selection': 'eager', 'quiet': 'False'}
[0m14:20:45.198359 [info ] [MainThread]: Creating dbt configuration folder at /Users/sak2708/.dbt
[0m14:20:45.199933 [debug] [MainThread]: Starter project path: /Users/sak2708/Desktop/DBT_Airbnb/venv/lib/python3.12/site-packages/dbt/include/starter_project
[0m14:20:45.204452 [info ] [MainThread]: 
Your new dbt project "airbnb" was created!

For more information on how to configure the profiles.yml file,
please consult the dbt documentation here:

  https://docs.getdbt.com/docs/configure-your-profile

One more thing:

Need help? Don't hesitate to reach out to us via GitHub issues or on Slack:

  https://community.getdbt.com/

Happy modeling!

[0m14:20:45.221983 [debug] [MainThread]: Resource report: {"command_name": "init", "command_success": true, "command_wall_clock_time": 0.08827658, "process_in_blocks": "0", "process_kernel_time": 0.159409, "process_mem_max_rss": "110067712", "process_out_blocks": "0", "process_user_time": 0.811824}
[0m14:20:45.222457 [debug] [MainThread]: Command `dbt init` succeeded at 14:20:45.222392 after 0.09 seconds
[0m14:20:45.222710 [debug] [MainThread]: Sending event: {'category': 'dbt', 'action': 'invocation', 'label': 'end', 'context': [<snowplow_tracker.self_describing_json.SelfDescribingJson object at 0x1082f0d40>, <snowplow_tracker.self_describing_json.SelfDescribingJson object at 0x1098f58b0>, <snowplow_tracker.self_describing_json.SelfDescribingJson object at 0x10990aa50>]}
[0m14:20:45.222950 [debug] [MainThread]: Flushing usage events
[0m14:20:46.683080 [debug] [MainThread]: An error was encountered while trying to flush usage events
[0m14:24:18.781049 [debug] [MainThread]: Sending event: {'category': 'dbt', 'action': 'invocation', 'label': 'start', 'context': [<snowplow_tracker.self_describing_json.SelfDescribingJson object at 0x102ac1250>, <snowplow_tracker.self_describing_json.SelfDescribingJson object at 0x10545bf20>, <snowplow_tracker.self_describing_json.SelfDescribingJson object at 0x10545bc20>]}


============================== 14:24:18.785004 | 96cb0c2b-29d8-4d84-9f6f-595458e49166 ==============================
[0m14:24:18.785004 [info ] [MainThread]: Running with dbt=1.10.15
[0m14:24:18.785405 [debug] [MainThread]: running dbt with arguments {'debug': 'False', 'no_print': 'None', 'log_format': 'default', 'indirect_selection': 'eager', 'fail_fast': 'False', 'use_experimental_parser': 'False', 'warn_error_options': 'WarnErrorOptionsV2(error=[], warn=[], silence=[])', 'log_path': 'logs', 'printer_width': '80', 'static_parser': 'True', 'log_cache_events': 'False', 'invocation_command': 'dbt debug', 'partial_parse': 'True', 'cache_selected_only': 'False', 'introspect': 'True', 'use_colors': 'True', 'empty': 'None', 'warn_error': 'None', 'profiles_dir': '/Users/sak2708/.dbt', 'send_anonymous_usage_stats': 'True', 'write_json': 'True', 'target_path': 'None', 'version_check': 'True', 'quiet': 'False'}
[0m14:24:18.796363 [info ] [MainThread]: dbt version: 1.10.15
[0m14:24:18.796682 [info ] [MainThread]: python version: 3.12.4
[0m14:24:18.796862 [info ] [MainThread]: python path: /Users/sak2708/Desktop/DBT_Airbnb/venv/bin/python
[0m14:24:18.797025 [info ] [MainThread]: os info: macOS-15.6.1-arm64-arm-64bit
[0m14:24:18.797295 [info ] [MainThread]: Using profiles dir at /Users/sak2708/.dbt
[0m14:24:18.797520 [info ] [MainThread]: Using profiles.yml file at /Users/sak2708/.dbt/profiles.yml
[0m14:24:18.797681 [info ] [MainThread]: Using dbt_project.yml file at /Users/sak2708/Desktop/DBT_Airbnb/dbt_project.yml
[0m14:24:18.797849 [info ] [MainThread]: Configuration:
[0m14:24:18.798000 [info ] [MainThread]:   profiles.yml file [[31mERROR not found[0m]
[0m14:24:18.798153 [info ] [MainThread]:   dbt_project.yml file [[31mERROR not found[0m]
[0m14:24:18.798294 [info ] [MainThread]: Required dependencies:
[0m14:24:18.798507 [debug] [MainThread]: Executing "git --help"
[0m14:24:18.822550 [debug] [MainThread]: STDOUT: "b"usage: git [-v | --version] [-h | --help] [-C <path>] [-c <name>=<value>]\n           [--exec-path[=<path>]] [--html-path] [--man-path] [--info-path]\n           [-p | --paginate | -P | --no-pager] [--no-replace-objects] [--bare]\n           [--git-dir=<path>] [--work-tree=<path>] [--namespace=<name>]\n           [--super-prefix=<path>] [--config-env=<name>=<envvar>]\n           <command> [<args>]\n\nThese are common Git commands used in various situations:\n\nstart a working area (see also: git help tutorial)\n   clone     Clone a repository into a new directory\n   init      Create an empty Git repository or reinitialize an existing one\n\nwork on the current change (see also: git help everyday)\n   add       Add file contents to the index\n   mv        Move or rename a file, a directory, or a symlink\n   restore   Restore working tree files\n   rm        Remove files from the working tree and from the index\n\nexamine the history and state (see also: git help revisions)\n   bisect    Use binary search to find the commit that introduced a bug\n   diff      Show changes between commits, commit and working tree, etc\n   grep      Print lines matching a pattern\n   log       Show commit logs\n   show      Show various types of objects\n   status    Show the working tree status\n\ngrow, mark and tweak your common history\n   branch    List, create, or delete branches\n   commit    Record changes to the repository\n   merge     Join two or more development histories together\n   rebase    Reapply commits on top of another base tip\n   reset     Reset current HEAD to the specified state\n   switch    Switch branches\n   tag       Create, list, delete or verify a tag object signed with GPG\n\ncollaborate (see also: git help workflows)\n   fetch     Download objects and refs from another repository\n   pull      Fetch from and integrate with another repository or a local branch\n   push      Update remote refs along with associated objects\n\n'git help -a' and 'git help -g' list available subcommands and some\nconcept guides. See 'git help <command>' or 'git help <concept>'\nto read about a specific subcommand or concept.\nSee 'git help git' for an overview of the system.\n""
[0m14:24:18.823303 [debug] [MainThread]: STDERR: "b''"
[0m14:24:18.823596 [info ] [MainThread]:  - git [[32mOK found[0m]

[0m14:24:18.823824 [info ] [MainThread]: Connection test skipped since no profile was found
[0m14:24:18.824116 [info ] [MainThread]: [31m2 checks failed:[0m
[0m14:24:18.824280 [info ] [MainThread]: dbt looked for a profiles.yml file in /Users/sak2708/.dbt/profiles.yml, but did
not find one. For more information on configuring your profile, consult the
documentation:

https://docs.getdbt.com/docs/configure-your-profile


[0m14:24:18.824591 [info ] [MainThread]: Project loading failed for the following reason:
 project path </Users/sak2708/Desktop/DBT_Airbnb/dbt_project.yml> not found

[0m14:24:18.828171 [debug] [MainThread]: Resource report: {"command_name": "debug", "command_success": false, "command_wall_clock_time": 0.09047683, "process_in_blocks": "0", "process_kernel_time": 0.150198, "process_mem_max_rss": "109215744", "process_out_blocks": "0", "process_user_time": 0.814351}
[0m14:24:18.828576 [debug] [MainThread]: Command `dbt debug` failed at 14:24:18.828505 after 0.09 seconds
[0m14:24:18.828971 [debug] [MainThread]: Sending event: {'category': 'dbt', 'action': 'invocation', 'label': 'end', 'context': [<snowplow_tracker.self_describing_json.SelfDescribingJson object at 0x104e81a00>, <snowplow_tracker.self_describing_json.SelfDescribingJson object at 0x105199550>, <snowplow_tracker.self_describing_json.SelfDescribingJson object at 0x10547da90>]}
[0m14:24:18.829267 [debug] [MainThread]: Flushing usage events
[0m14:24:19.985269 [debug] [MainThread]: An error was encountered while trying to flush usage events
[0m16:05:51.322506 [debug] [MainThread]: Sending event: {'category': 'dbt', 'action': 'invocation', 'label': 'start', 'context': [<snowplow_tracker.self_describing_json.SelfDescribingJson object at 0x1045fcf80>, <snowplow_tracker.self_describing_json.SelfDescribingJson object at 0x104e3fb90>, <snowplow_tracker.self_describing_json.SelfDescribingJson object at 0x104e3ff50>]}


============================== 16:05:51.326041 | 23ebd659-d3f5-4cce-bae0-aca67a0df447 ==============================
[0m16:05:51.326041 [info ] [MainThread]: Running with dbt=1.10.15
[0m16:05:51.326429 [debug] [MainThread]: running dbt with arguments {'use_experimental_parser': 'False', 'quiet': 'False', 'use_colors': 'True', 'write_json': 'True', 'printer_width': '80', 'cache_selected_only': 'False', 'version_check': 'True', 'introspect': 'True', 'log_cache_events': 'False', 'static_parser': 'True', 'target_path': 'None', 'log_path': 'logs', 'send_anonymous_usage_stats': 'True', 'invocation_command': 'dbt run', 'fail_fast': 'False', 'partial_parse': 'True', 'log_format': 'default', 'warn_error': 'None', 'profiles_dir': '/Users/sak2708/.dbt', 'warn_error_options': 'WarnErrorOptionsV2(error=[], warn=[], silence=[])', 'debug': 'False', 'empty': 'False', 'no_print': 'None', 'indirect_selection': 'eager'}
[0m16:05:51.326841 [error] [MainThread]: Encountered an error:
Runtime Error
  No dbt_project.yml found at expected path /Users/sak2708/Desktop/DBT_Airbnb/dbt_project.yml
  Verify that each entry within packages.yml (and their transitive dependencies) contains a file named dbt_project.yml
  
[0m16:05:51.328907 [debug] [MainThread]: Resource report: {"command_name": "run", "command_success": false, "command_wall_clock_time": 0.049693376, "process_in_blocks": "0", "process_kernel_time": 0.138719, "process_mem_max_rss": "108363776", "process_out_blocks": "0", "process_user_time": 0.775736}
[0m16:05:51.329248 [debug] [MainThread]: Command `dbt run` failed at 16:05:51.329192 after 0.05 seconds
[0m16:05:51.329482 [debug] [MainThread]: Sending event: {'category': 'dbt', 'action': 'invocation', 'label': 'end', 'context': [<snowplow_tracker.self_describing_json.SelfDescribingJson object at 0x104decce0>, <snowplow_tracker.self_describing_json.SelfDescribingJson object at 0x104decaa0>, <snowplow_tracker.self_describing_json.SelfDescribingJson object at 0x104e65b80>]}
[0m16:05:51.329705 [debug] [MainThread]: Flushing usage events
[0m16:05:52.612169 [debug] [MainThread]: An error was encountered while trying to flush usage events
[0m18:33:42.501317 [debug] [MainThread]: Sending event: {'category': 'dbt', 'action': 'invocation', 'label': 'start', 'context': [<snowplow_tracker.self_describing_json.SelfDescribingJson object at 0x108010800>, <snowplow_tracker.self_describing_json.SelfDescribingJson object at 0x10838b020>, <snowplow_tracker.self_describing_json.SelfDescribingJson object at 0x106f3a3c0>]}


============================== 18:33:42.505284 | 3b02a66e-0298-486c-ba2a-b2704059d403 ==============================
[0m18:33:42.505284 [info ] [MainThread]: Running with dbt=1.10.15
[0m18:33:42.505694 [debug] [MainThread]: running dbt with arguments {'target_path': 'None', 'log_format': 'default', 'invocation_command': 'dbt deps', 'use_experimental_parser': 'False', 'send_anonymous_usage_stats': 'True', 'warn_error': 'None', 'introspect': 'True', 'partial_parse': 'True', 'quiet': 'False', 'warn_error_options': 'WarnErrorOptionsV2(error=[], warn=[], silence=[])', 'profiles_dir': '/Users/sak2708/.dbt', 'log_cache_events': 'False', 'printer_width': '80', 'empty': 'None', 'static_parser': 'True', 'fail_fast': 'False', 'log_path': 'logs', 'version_check': 'True', 'use_colors': 'True', 'indirect_selection': 'eager', 'write_json': 'True', 'cache_selected_only': 'False', 'debug': 'False', 'no_print': 'None'}
[0m18:33:42.506265 [error] [MainThread]: Encountered an error:
Runtime Error
  No dbt_project.yml found at expected path /Users/sak2708/Desktop/DBT_Airbnb/dbt_project.yml
  Verify that each entry within packages.yml (and their transitive dependencies) contains a file named dbt_project.yml
  
[0m18:33:42.507879 [debug] [MainThread]: Resource report: {"command_name": "deps", "command_success": false, "command_wall_clock_time": 0.047525, "process_in_blocks": "0", "process_kernel_time": 0.093776, "process_mem_max_rss": "107855872", "process_out_blocks": "0", "process_user_time": 0.759084}
[0m18:33:42.508215 [debug] [MainThread]: Command `dbt deps` failed at 18:33:42.508156 after 0.05 seconds
[0m18:33:42.508437 [debug] [MainThread]: Sending event: {'category': 'dbt', 'action': 'invocation', 'label': 'end', 'context': [<snowplow_tracker.self_describing_json.SelfDescribingJson object at 0x10825d160>, <snowplow_tracker.self_describing_json.SelfDescribingJson object at 0x108a377d0>, <snowplow_tracker.self_describing_json.SelfDescribingJson object at 0x108825490>]}
[0m18:33:42.508644 [debug] [MainThread]: Flushing usage events
[0m18:33:43.696907 [debug] [MainThread]: An error was encountered while trying to flush usage events
[0m16:40:02.616125 [debug] [MainThread]: Sending event: {'category': 'dbt', 'action': 'invocation', 'label': 'start', 'context': [<snowplow_tracker.self_describing_json.SelfDescribingJson object at 0x1091c3320>, <snowplow_tracker.self_describing_json.SelfDescribingJson object at 0x10a309ee0>, <snowplow_tracker.self_describing_json.SelfDescribingJson object at 0x10a37c350>]}


============================== 16:40:02.620258 | 22e3b8b3-cdab-490d-a394-d4d293cbe674 ==============================
[0m16:40:02.620258 [info ] [MainThread]: Running with dbt=1.10.15
[0m16:40:02.620672 [debug] [MainThread]: running dbt with arguments {'introspect': 'True', 'partial_parse': 'True', 'printer_width': '80', 'fail_fast': 'False', 'write_json': 'True', 'debug': 'False', 'use_experimental_parser': 'False', 'log_format': 'default', 'target_path': 'None', 'warn_error': 'None', 'no_print': 'None', 'version_check': 'True', 'static_parser': 'True', 'empty': 'None', 'send_anonymous_usage_stats': 'True', 'log_path': 'logs', 'log_cache_events': 'False', 'indirect_selection': 'eager', 'warn_error_options': 'WarnErrorOptionsV2(error=[], warn=[], silence=[])', 'quiet': 'False', 'use_colors': 'True', 'profiles_dir': '/Users/sak2708/.dbt', 'invocation_command': 'dbt docs generate', 'cache_selected_only': 'False'}
[0m16:40:02.621083 [error] [MainThread]: Encountered an error:
Runtime Error
  No dbt_project.yml found at expected path /Users/sak2708/Desktop/DBT_Airbnb/dbt_project.yml
  Verify that each entry within packages.yml (and their transitive dependencies) contains a file named dbt_project.yml
  
[0m16:40:02.623617 [debug] [MainThread]: Resource report: {"command_name": "generate", "command_success": false, "command_wall_clock_time": 0.055665, "process_in_blocks": "0", "process_kernel_time": 0.157238, "process_mem_max_rss": "108838912", "process_out_blocks": "0", "process_user_time": 0.804318}
[0m16:40:02.624018 [debug] [MainThread]: Command `dbt docs generate` failed at 16:40:02.623960 after 0.06 seconds
[0m16:40:02.624264 [debug] [MainThread]: Sending event: {'category': 'dbt', 'action': 'invocation', 'label': 'end', 'context': [<snowplow_tracker.self_describing_json.SelfDescribingJson object at 0x10a309ee0>, <snowplow_tracker.self_describing_json.SelfDescribingJson object at 0x109dffb30>, <snowplow_tracker.self_describing_json.SelfDescribingJson object at 0x1092b66f0>]}
[0m16:40:02.624512 [debug] [MainThread]: Flushing usage events
[0m16:40:03.581964 [debug] [MainThread]: An error was encountered while trying to flush usage events
